Bahamut 神撃のバハムート VIRGIN SOUL
Digimon デジモンユニバース アプリモンスターズ
Academia 僕のヒーローアカデミア2
Creators Re：CREATORS
Taizai sin 七つの大罪
Precure キラキラ☆プリキュアアラモード
PriPara アイドルタイムプリパラ
PuriPara アイドルタイムプリパラ
Pripara アイドルタイムプリパラ
Aikatsu アイカツスターズ！
Cocotama かみさまみならい ヒミツのここたま
Touken 活撃 刀剣乱舞
Teekyuu てーきゅう9
Quest サクラクエスト
Sagrada サクラダリセット
Nobunaga 信長の忍び～伊勢・金ヶ崎篇～
Beginning アトム ザ・ビギニング
Hina ひなろじ～from Luck＆Logic～
Kakegurui 賭ケグルイ
Battle バトルガールハイスクール
Kedamono スカートの中はケダモノでした。
Keppeki 潔癖男子！青山くん
Knight ナイツ＆マジック
Apartment 妖怪アパートの幽雅な日常
Shokudou 異世界食堂
Symphogear 戦姫絶唱シンフォギアAXZ
Apocrypha Fate／Apocrypha
Enmusubi 縁結びの妖狐ちゃん
Centaur セントールの悩み
Ballroom ボールルームへようこそ
Nanamaru ナナマルサンバツ
Tsurezure 徒然チルドレン
Netsuzou 捏造トラップ-NTR-
Saiyuuki 最遊記RELOAD BLAST
Altair 将国のアルタイル
Abyss メイドインアビス
18if 18if
Shihaisha 時間の支配者
Chousakan バチカン奇跡調査官
Dive DIVE！！
Fruits アクションヒロイン チアフルーツ
Konbini コンビニカレシ
Tenshi 天使の3P！
Hitorijime ひとりじめマイヒーロー
Principal プリンセス・プリンシパル
Smartphone 異世界はスマートフォンとともに。
Mahoujin 魔法陣グルグル
Jitsuryoku ようこそ実力至上主義の教室へ
Noraneko ノラと皇女と野良猫ハート
Clione クリオネの灯り
Hajimete はじめてのギャル
Musekinin 無責任ギャラクシー☆タイラー
Kaito カイトアンサ
Gamers ゲーマーズ！
Game NEW GAME！！
Jigoku 地獄少女 宵伽
Ikemen イケメン戦国◆時をかけるが恋ははじまらない
